[0.030s] Invoking command in '/home/sajat2024/ros2_ws/src/pre_xb9_distofpoints/build/pre_xb9_distofpoints': CMAKE_PREFIX_PATH=${CMAKE_PREFIX_PATH}:/opt/ros/humble /usr/bin/cmake --build /home/sajat2024/ros2_ws/src/pre_xb9_distofpoints/build/pre_xb9_distofpoints -- -j16 -l16
[0.191s] [ 50%] [32mBuilding CXX object CMakeFiles/coordpublisher.dir/src/coordpublisher.cpp.o[0m
[0.191s] [ 50%] [32mBuilding CXX object CMakeFiles/coordsubscriber.dir/src/coordsubscriber.cpp.o[0m
[9.541s] [ 75%] [32m[1mLinking CXX executable coordpublisher[0m
[10.002s] [ 75%] Built target coordpublisher
[16.310s] [100%] [32m[1mLinking CXX executable coordsubscriber[0m
[17.040s] [100%] Built target coordsubscriber
[17.073s] Invoked command in '/home/sajat2024/ros2_ws/src/pre_xb9_distofpoints/build/pre_xb9_distofpoints' returned '0': CMAKE_PREFIX_PATH=${CMAKE_PREFIX_PATH}:/opt/ros/humble /usr/bin/cmake --build /home/sajat2024/ros2_ws/src/pre_xb9_distofpoints/build/pre_xb9_distofpoints -- -j16 -l16
[17.133s] Invoking command in '/home/sajat2024/ros2_ws/src/pre_xb9_distofpoints/build/pre_xb9_distofpoints': CMAKE_PREFIX_PATH=${CMAKE_PREFIX_PATH}:/opt/ros/humble /usr/bin/cmake --install /home/sajat2024/ros2_ws/src/pre_xb9_distofpoints/build/pre_xb9_distofpoints
[17.147s] -- Install configuration: ""
[17.148s] -- Up-to-date: /home/sajat2024/ros2_ws/src/pre_xb9_distofpoints/install/pre_xb9_distofpoints/share/pre_xb9_distofpoints/launch
[17.148s] -- Up-to-date: /home/sajat2024/ros2_ws/src/pre_xb9_distofpoints/install/pre_xb9_distofpoints/share/pre_xb9_distofpoints/launch/coordlaunch.py
[17.149s] -- Installing: /home/sajat2024/ros2_ws/src/pre_xb9_distofpoints/install/pre_xb9_distofpoints/lib/pre_xb9_distofpoints/coordpublisher
[17.154s] -- Set runtime path of "/home/sajat2024/ros2_ws/src/pre_xb9_distofpoints/install/pre_xb9_distofpoints/lib/pre_xb9_distofpoints/coordpublisher" to ""
[17.155s] -- Installing: /home/sajat2024/ros2_ws/src/pre_xb9_distofpoints/install/pre_xb9_distofpoints/lib/pre_xb9_distofpoints/coordsubscriber
[17.166s] -- Set runtime path of "/home/sajat2024/ros2_ws/src/pre_xb9_distofpoints/install/pre_xb9_distofpoints/lib/pre_xb9_distofpoints/coordsubscriber" to ""
[17.167s] -- Up-to-date: /home/sajat2024/ros2_ws/src/pre_xb9_distofpoints/install/pre_xb9_distofpoints/share/ament_index/resource_index/package_run_dependencies/pre_xb9_distofpoints
[17.168s] -- Up-to-date: /home/sajat2024/ros2_ws/src/pre_xb9_distofpoints/install/pre_xb9_distofpoints/share/ament_index/resource_index/parent_prefix_path/pre_xb9_distofpoints
[17.168s] -- Up-to-date: /home/sajat2024/ros2_ws/src/pre_xb9_distofpoints/install/pre_xb9_distofpoints/share/pre_xb9_distofpoints/environment/ament_prefix_path.sh
[17.169s] -- Up-to-date: /home/sajat2024/ros2_ws/src/pre_xb9_distofpoints/install/pre_xb9_distofpoints/share/pre_xb9_distofpoints/environment/ament_prefix_path.dsv
[17.169s] -- Up-to-date: /home/sajat2024/ros2_ws/src/pre_xb9_distofpoints/install/pre_xb9_distofpoints/share/pre_xb9_distofpoints/environment/path.sh
[17.169s] -- Up-to-date: /home/sajat2024/ros2_ws/src/pre_xb9_distofpoints/install/pre_xb9_distofpoints/share/pre_xb9_distofpoints/environment/path.dsv
[17.170s] -- Up-to-date: /home/sajat2024/ros2_ws/src/pre_xb9_distofpoints/install/pre_xb9_distofpoints/share/pre_xb9_distofpoints/local_setup.bash
[17.170s] -- Up-to-date: /home/sajat2024/ros2_ws/src/pre_xb9_distofpoints/install/pre_xb9_distofpoints/share/pre_xb9_distofpoints/local_setup.sh
[17.170s] -- Up-to-date: /home/sajat2024/ros2_ws/src/pre_xb9_distofpoints/install/pre_xb9_distofpoints/share/pre_xb9_distofpoints/local_setup.zsh
[17.171s] -- Up-to-date: /home/sajat2024/ros2_ws/src/pre_xb9_distofpoints/install/pre_xb9_distofpoints/share/pre_xb9_distofpoints/local_setup.dsv
[17.171s] -- Installing: /home/sajat2024/ros2_ws/src/pre_xb9_distofpoints/install/pre_xb9_distofpoints/share/pre_xb9_distofpoints/package.dsv
[17.171s] -- Up-to-date: /home/sajat2024/ros2_ws/src/pre_xb9_distofpoints/install/pre_xb9_distofpoints/share/ament_index/resource_index/packages/pre_xb9_distofpoints
[17.172s] -- Up-to-date: /home/sajat2024/ros2_ws/src/pre_xb9_distofpoints/install/pre_xb9_distofpoints/share/pre_xb9_distofpoints/cmake/pre_xb9_distofpointsConfig.cmake
[17.172s] -- Up-to-date: /home/sajat2024/ros2_ws/src/pre_xb9_distofpoints/install/pre_xb9_distofpoints/share/pre_xb9_distofpoints/cmake/pre_xb9_distofpointsConfig-version.cmake
[17.172s] -- Up-to-date: /home/sajat2024/ros2_ws/src/pre_xb9_distofpoints/install/pre_xb9_distofpoints/share/pre_xb9_distofpoints/package.xml
[17.175s] Invoked command in '/home/sajat2024/ros2_ws/src/pre_xb9_distofpoints/build/pre_xb9_distofpoints' returned '0': CMAKE_PREFIX_PATH=${CMAKE_PREFIX_PATH}:/opt/ros/humble /usr/bin/cmake --install /home/sajat2024/ros2_ws/src/pre_xb9_distofpoints/build/pre_xb9_distofpoints
