[0.032s] Invoking command in '/home/sajat2024/ros2_ws/src/pre_xb9_distofpoints/build/pre_xb9_distofpoints': CMAKE_PREFIX_PATH=/opt/ros/humble /usr/bin/cmake /home/sajat2024/ros2_ws/src/pre_xb9_distofpoints -DAMENT_CMAKE_SYMLINK_INSTALL=1 -DCMAKE_INSTALL_PREFIX=/home/sajat2024/ros2_ws/src/pre_xb9_distofpoints/install/pre_xb9_distofpoints
[0.327s] -- The C compiler identification is GNU 11.4.0
[0.763s] -- The CXX compiler identification is GNU 11.4.0
[1.032s] -- Detecting C compiler ABI info
[1.200s] -- Detecting C compiler ABI info - done
[1.214s] -- Check for working C compiler: /usr/bin/cc - skipped
[1.242s] -- Detecting C compile features
[1.244s] -- Detecting C compile features - done
[1.251s] -- Detecting CXX compiler ABI info
[1.424s] -- Detecting CXX compiler ABI info - done
[1.442s] -- Check for working CXX compiler: /usr/bin/c++ - skipped
[1.443s] -- Detecting CXX compile features
[1.444s] -- Detecting CXX compile features - done
[1.478s] -- Found ament_cmake: 1.3.10 (/opt/ros/humble/share/ament_cmake/cmake)
[1.763s] -- Found Python3: /usr/bin/python3 (found version "3.10.12") found components: Interpreter 
[1.882s] -- Override CMake install command with custom implementation using symlinks instead of copying resources
[1.964s] -- Found rclcpp: 16.0.10 (/opt/ros/humble/share/rclcpp/cmake)
[2.193s] -- Found rosidl_generator_c: 3.1.5 (/opt/ros/humble/share/rosidl_generator_c/cmake)
[2.204s] -- Found rosidl_adapter: 3.1.5 (/opt/ros/humble/share/rosidl_adapter/cmake)
[2.226s] -- Found rosidl_generator_cpp: 3.1.5 (/opt/ros/humble/share/rosidl_generator_cpp/cmake)
[2.265s] -- Using all available rosidl_typesupport_c: rosidl_typesupport_fastrtps_c;rosidl_typesupport_introspection_c
[2.307s] -- Using all available rosidl_typesupport_cpp: rosidl_typesupport_fastrtps_cpp;rosidl_typesupport_introspection_cpp
[2.416s] -- Found rmw_implementation_cmake: 6.1.2 (/opt/ros/humble/share/rmw_implementation_cmake/cmake)
[2.424s] -- Found rmw_fastrtps_cpp: 6.2.7 (/opt/ros/humble/share/rmw_fastrtps_cpp/cmake)
[3.460s] -- Found OpenSSL: /usr/lib/x86_64-linux-gnu/libcrypto.so (found version "3.0.2")  
[4.437s] -- Found FastRTPS: /opt/ros/humble/include  
[6.295s] -- Using RMW implementation 'rmw_fastrtps_cpp' as default
[6.347s] -- Looking for pthread.h
[6.552s] -- Looking for pthread.h - found
[6.553s] -- Performing Test CMAKE_HAVE_LIBC_PTHREAD
[6.719s] -- Performing Test CMAKE_HAVE_LIBC_PTHREAD - Success
[6.722s] -- Found Threads: TRUE  
[6.923s] -- Found geometry_msgs: 4.2.4 (/opt/ros/humble/share/geometry_msgs/cmake)
[7.104s] -- Configuring done
[7.117s] -- Generating done
[7.120s] -- Build files have been written to: /home/sajat2024/ros2_ws/src/pre_xb9_distofpoints/build/pre_xb9_distofpoints
[7.138s] Invoked command in '/home/sajat2024/ros2_ws/src/pre_xb9_distofpoints/build/pre_xb9_distofpoints' returned '0': CMAKE_PREFIX_PATH=/opt/ros/humble /usr/bin/cmake /home/sajat2024/ros2_ws/src/pre_xb9_distofpoints -DAMENT_CMAKE_SYMLINK_INSTALL=1 -DCMAKE_INSTALL_PREFIX=/home/sajat2024/ros2_ws/src/pre_xb9_distofpoints/install/pre_xb9_distofpoints
[7.142s] Invoking command in '/home/sajat2024/ros2_ws/src/pre_xb9_distofpoints/build/pre_xb9_distofpoints': CMAKE_PREFIX_PATH=/opt/ros/humble /usr/bin/cmake --build /home/sajat2024/ros2_ws/src/pre_xb9_distofpoints/build/pre_xb9_distofpoints -- -j16 -l16
[7.197s] Invoked command in '/home/sajat2024/ros2_ws/src/pre_xb9_distofpoints/build/pre_xb9_distofpoints' returned '0': CMAKE_PREFIX_PATH=/opt/ros/humble /usr/bin/cmake --build /home/sajat2024/ros2_ws/src/pre_xb9_distofpoints/build/pre_xb9_distofpoints -- -j16 -l16
[7.242s] Invoking command in '/home/sajat2024/ros2_ws/src/pre_xb9_distofpoints/build/pre_xb9_distofpoints': CMAKE_PREFIX_PATH=/opt/ros/humble /usr/bin/cmake --install /home/sajat2024/ros2_ws/src/pre_xb9_distofpoints/build/pre_xb9_distofpoints
[7.252s] -- Install configuration: ""
[7.252s] -- Execute custom install script
[7.255s] -- Symlinking: /home/sajat2024/ros2_ws/src/pre_xb9_distofpoints/install/pre_xb9_distofpoints/share/pre_xb9_distofpoints/launch/launch_example1.launch.py
[7.267s] -- Symlinking: /home/sajat2024/ros2_ws/src/pre_xb9_distofpoints/install/pre_xb9_distofpoints/share/pre_xb9_distofpoints/launch/launch_example2.launch.py
[7.281s] -- Symlinking: /home/sajat2024/ros2_ws/src/pre_xb9_distofpoints/install/pre_xb9_distofpoints/share/ament_index/resource_index/package_run_dependencies/pre_xb9_distofpoints
[7.296s] -- Symlinking: /home/sajat2024/ros2_ws/src/pre_xb9_distofpoints/install/pre_xb9_distofpoints/share/ament_index/resource_index/parent_prefix_path/pre_xb9_distofpoints
[7.308s] -- Symlinking: /home/sajat2024/ros2_ws/src/pre_xb9_distofpoints/install/pre_xb9_distofpoints/share/pre_xb9_distofpoints/environment/ament_prefix_path.sh
[7.319s] -- Symlinking: /home/sajat2024/ros2_ws/src/pre_xb9_distofpoints/install/pre_xb9_distofpoints/share/pre_xb9_distofpoints/environment/ament_prefix_path.dsv
[7.331s] -- Symlinking: /home/sajat2024/ros2_ws/src/pre_xb9_distofpoints/install/pre_xb9_distofpoints/share/pre_xb9_distofpoints/environment/path.sh
[7.342s] -- Symlinking: /home/sajat2024/ros2_ws/src/pre_xb9_distofpoints/install/pre_xb9_distofpoints/share/pre_xb9_distofpoints/environment/path.dsv
[7.353s] -- Symlinking: /home/sajat2024/ros2_ws/src/pre_xb9_distofpoints/install/pre_xb9_distofpoints/share/pre_xb9_distofpoints/local_setup.bash
[7.367s] -- Symlinking: /home/sajat2024/ros2_ws/src/pre_xb9_distofpoints/install/pre_xb9_distofpoints/share/pre_xb9_distofpoints/local_setup.sh
[7.380s] -- Symlinking: /home/sajat2024/ros2_ws/src/pre_xb9_distofpoints/install/pre_xb9_distofpoints/share/pre_xb9_distofpoints/local_setup.zsh
[7.393s] -- Symlinking: /home/sajat2024/ros2_ws/src/pre_xb9_distofpoints/install/pre_xb9_distofpoints/share/pre_xb9_distofpoints/local_setup.dsv
[7.407s] -- Symlinking: /home/sajat2024/ros2_ws/src/pre_xb9_distofpoints/install/pre_xb9_distofpoints/share/pre_xb9_distofpoints/package.dsv
[7.422s] -- Symlinking: /home/sajat2024/ros2_ws/src/pre_xb9_distofpoints/install/pre_xb9_distofpoints/share/ament_index/resource_index/packages/pre_xb9_distofpoints
[7.435s] -- Symlinking: /home/sajat2024/ros2_ws/src/pre_xb9_distofpoints/install/pre_xb9_distofpoints/share/pre_xb9_distofpoints/cmake/pre_xb9_distofpointsConfig.cmake
[7.448s] -- Symlinking: /home/sajat2024/ros2_ws/src/pre_xb9_distofpoints/install/pre_xb9_distofpoints/share/pre_xb9_distofpoints/cmake/pre_xb9_distofpointsConfig-version.cmake
[7.463s] -- Symlinking: /home/sajat2024/ros2_ws/src/pre_xb9_distofpoints/install/pre_xb9_distofpoints/share/pre_xb9_distofpoints/package.xml
[7.478s] Invoked command in '/home/sajat2024/ros2_ws/src/pre_xb9_distofpoints/build/pre_xb9_distofpoints' returned '0': CMAKE_PREFIX_PATH=/opt/ros/humble /usr/bin/cmake --install /home/sajat2024/ros2_ws/src/pre_xb9_distofpoints/build/pre_xb9_distofpoints
