[0.501s] DEBUG:colcon:Command line arguments: ['/usr/bin/colcon', 'build', '--packages-select', 'pre_xb9_distofpoints', '--symlink-install']
[0.502s] DEBUG:colcon:Parsed command line arguments: Namespace(log_base=None, log_level=None, verb_name='build', build_base='build', install_base='install', merge_install=False, symlink_install=True, test_result_base=None, continue_on_error=False, executor='parallel', parallel_workers=16, event_handlers=None, ignore_user_meta=False, metas=['./colcon.meta'], base_paths=['.'], packages_ignore=None, packages_ignore_regex=None, paths=None, packages_up_to=None, packages_up_to_regex=None, packages_above=None, packages_above_and_dependencies=None, packages_above_depth=None, packages_select_by_dep=None, packages_skip_by_dep=None, packages_skip_up_to=None, packages_select_build_failed=False, packages_skip_build_finished=False, packages_select_test_failures=False, packages_skip_test_passed=False, packages_select=['pre_xb9_distofpoints'], packages_skip=None, packages_select_regex=None, packages_skip_regex=None, packages_start=None, packages_end=None, allow_overriding=[], cmake_args=None, cmake_target=None, cmake_target_skip_unavailable=False, cmake_clean_cache=False, cmake_clean_first=False, cmake_force_configure=False, ament_cmake_args=None, catkin_cmake_args=None, catkin_skip_building_tests=False, mixin_files=None, mixin=None, verb_parser=<colcon_mixin.mixin.mixin_argument.MixinArgumentDecorator object at 0x7ff5b18711e0>, verb_extension=<colcon_core.verb.build.BuildVerb object at 0x7ff5b196d900>, main=<bound method BuildVerb.main of <colcon_core.verb.build.BuildVerb object at 0x7ff5b196d900>>, mixin_verb=('build',))
[0.966s] Level 1:colcon.colcon_core.package_discovery:discover_packages(colcon_meta) check parameters
[0.966s] Level 1:colcon.colcon_core.package_discovery:discover_packages(recursive) check parameters
[0.966s] Level 1:colcon.colcon_core.package_discovery:discover_packages(ignore) check parameters
[0.967s] Level 1:colcon.colcon_core.package_discovery:discover_packages(path) check parameters
[0.967s] Level 1:colcon.colcon_core.package_discovery:discover_packages(colcon_meta) discover
[0.967s] Level 1:colcon.colcon_core.package_discovery:discover_packages(recursive) discover
[0.967s] INFO:colcon.colcon_core.package_discovery:Crawling recursively for packages in '/home/sajat2024/ros2_ws/src/pre_xb9_distofpoints'
[0.967s] Level 1:colcon.colcon_core.package_identification:_identify(.) by extensions ['ignore', 'ignore_ament_install']
[0.967s] Level 1:colcon.colcon_core.package_identification:_identify(.) by extension 'ignore'
[0.968s] Level 1:colcon.colcon_core.package_identification:_identify(.) by extension 'ignore_ament_install'
[0.968s] Level 1:colcon.colcon_core.package_identification:_identify(.) by extensions ['colcon_pkg']
[0.968s] Level 1:colcon.colcon_core.package_identification:_identify(.) by extension 'colcon_pkg'
[0.968s] Level 1:colcon.colcon_core.package_identification:_identify(.) by extensions ['colcon_meta']
[0.968s] Level 1:colcon.colcon_core.package_identification:_identify(.) by extension 'colcon_meta'
[0.968s] Level 1:colcon.colcon_core.package_identification:_identify(.) by extensions ['ros']
[0.968s] Level 1:colcon.colcon_core.package_identification:_identify(.) by extension 'ros'
[0.996s] DEBUG:colcon.colcon_core.package_identification:Package '.' with type 'ros.ament_cmake' and name 'pre_xb9_distofpoints'
[0.996s] Level 1:colcon.colcon_core.package_discovery:discover_packages(recursive) using defaults
[0.996s] Level 1:colcon.colcon_core.package_discovery:discover_packages(ignore) discover
[0.996s] Level 1:colcon.colcon_core.package_discovery:discover_packages(ignore) using defaults
[0.996s] Level 1:colcon.colcon_core.package_discovery:discover_packages(path) discover
[0.997s] Level 1:colcon.colcon_core.package_discovery:discover_packages(path) using defaults
[1.044s] Level 1:colcon.colcon_core.package_discovery:discover_packages(prefix_path) check parameters
[1.044s] Level 1:colcon.colcon_core.package_discovery:discover_packages(prefix_path) discover
[1.053s] DEBUG:colcon.colcon_installed_package_information.package_discovery:Found 290 installed packages in /opt/ros/humble
[1.056s] Level 1:colcon.colcon_core.package_discovery:discover_packages(prefix_path) using defaults
[1.147s] Level 5:colcon.colcon_core.verb:set package 'pre_xb9_distofpoints' build argument 'cmake_args' from command line to 'None'
[1.147s] Level 5:colcon.colcon_core.verb:set package 'pre_xb9_distofpoints' build argument 'cmake_target' from command line to 'None'
[1.147s] Level 5:colcon.colcon_core.verb:set package 'pre_xb9_distofpoints' build argument 'cmake_target_skip_unavailable' from command line to 'False'
[1.147s] Level 5:colcon.colcon_core.verb:set package 'pre_xb9_distofpoints' build argument 'cmake_clean_cache' from command line to 'False'
[1.147s] Level 5:colcon.colcon_core.verb:set package 'pre_xb9_distofpoints' build argument 'cmake_clean_first' from command line to 'False'
[1.147s] Level 5:colcon.colcon_core.verb:set package 'pre_xb9_distofpoints' build argument 'cmake_force_configure' from command line to 'False'
[1.147s] Level 5:colcon.colcon_core.verb:set package 'pre_xb9_distofpoints' build argument 'ament_cmake_args' from command line to 'None'
[1.147s] Level 5:colcon.colcon_core.verb:set package 'pre_xb9_distofpoints' build argument 'catkin_cmake_args' from command line to 'None'
[1.148s] Level 5:colcon.colcon_core.verb:set package 'pre_xb9_distofpoints' build argument 'catkin_skip_building_tests' from command line to 'False'
[1.148s] DEBUG:colcon.colcon_core.verb:Building package 'pre_xb9_distofpoints' with the following arguments: {'ament_cmake_args': None, 'build_base': '/home/sajat2024/ros2_ws/src/pre_xb9_distofpoints/build/pre_xb9_distofpoints', 'catkin_cmake_args': None, 'catkin_skip_building_tests': False, 'cmake_args': None, 'cmake_clean_cache': False, 'cmake_clean_first': False, 'cmake_force_configure': False, 'cmake_target': None, 'cmake_target_skip_unavailable': False, 'install_base': '/home/sajat2024/ros2_ws/src/pre_xb9_distofpoints/install/pre_xb9_distofpoints', 'merge_install': False, 'path': '/home/sajat2024/ros2_ws/src/pre_xb9_distofpoints', 'symlink_install': True, 'test_result_base': None}
[1.148s] INFO:colcon.colcon_core.executor:Executing jobs using 'parallel' executor
[1.150s] DEBUG:colcon.colcon_parallel_executor.executor.parallel:run_until_complete
[1.150s] INFO:colcon.colcon_ros.task.ament_cmake.build:Building ROS package in '/home/sajat2024/ros2_ws/src/pre_xb9_distofpoints' with build type 'ament_cmake'
[1.151s] INFO:colcon.colcon_cmake.task.cmake.build:Building CMake package in '/home/sajat2024/ros2_ws/src/pre_xb9_distofpoints'
[1.163s] INFO:colcon.colcon_core.plugin_system:Skipping extension 'colcon_core.shell.bat': Not used on non-Windows systems
[1.163s] INFO:colcon.colcon_core.shell:Skip shell extension 'powershell' for command environment: Not usable outside of PowerShell
[1.163s] DEBUG:colcon.colcon_core.shell:Skip shell extension 'dsv' for command environment
[1.184s] DEBUG:colcon.colcon_core.event_handler.log_command:Invoking command in '/home/sajat2024/ros2_ws/src/pre_xb9_distofpoints/build/pre_xb9_distofpoints': CMAKE_PREFIX_PATH=/opt/ros/humble /usr/bin/cmake /home/sajat2024/ros2_ws/src/pre_xb9_distofpoints -DAMENT_CMAKE_SYMLINK_INSTALL=1 -DCMAKE_INSTALL_PREFIX=/home/sajat2024/ros2_ws/src/pre_xb9_distofpoints/install/pre_xb9_distofpoints
[8.290s] DEBUG:colcon.colcon_core.event_handler.log_command:Invoked command in '/home/sajat2024/ros2_ws/src/pre_xb9_distofpoints/build/pre_xb9_distofpoints' returned '0': CMAKE_PREFIX_PATH=/opt/ros/humble /usr/bin/cmake /home/sajat2024/ros2_ws/src/pre_xb9_distofpoints -DAMENT_CMAKE_SYMLINK_INSTALL=1 -DCMAKE_INSTALL_PREFIX=/home/sajat2024/ros2_ws/src/pre_xb9_distofpoints/install/pre_xb9_distofpoints
[8.295s] DEBUG:colcon.colcon_core.event_handler.log_command:Invoking command in '/home/sajat2024/ros2_ws/src/pre_xb9_distofpoints/build/pre_xb9_distofpoints': CMAKE_PREFIX_PATH=/opt/ros/humble /usr/bin/cmake --build /home/sajat2024/ros2_ws/src/pre_xb9_distofpoints/build/pre_xb9_distofpoints -- -j16 -l16
[8.350s] DEBUG:colcon.colcon_core.event_handler.log_command:Invoked command in '/home/sajat2024/ros2_ws/src/pre_xb9_distofpoints/build/pre_xb9_distofpoints' returned '0': CMAKE_PREFIX_PATH=/opt/ros/humble /usr/bin/cmake --build /home/sajat2024/ros2_ws/src/pre_xb9_distofpoints/build/pre_xb9_distofpoints -- -j16 -l16
[8.395s] DEBUG:colcon.colcon_core.event_handler.log_command:Invoking command in '/home/sajat2024/ros2_ws/src/pre_xb9_distofpoints/build/pre_xb9_distofpoints': CMAKE_PREFIX_PATH=/opt/ros/humble /usr/bin/cmake --install /home/sajat2024/ros2_ws/src/pre_xb9_distofpoints/build/pre_xb9_distofpoints
[8.629s] Level 1:colcon.colcon_core.environment:create_environment_scripts_only(pre_xb9_distofpoints)
[8.630s] DEBUG:colcon.colcon_core.event_handler.log_command:Invoked command in '/home/sajat2024/ros2_ws/src/pre_xb9_distofpoints/build/pre_xb9_distofpoints' returned '0': CMAKE_PREFIX_PATH=/opt/ros/humble /usr/bin/cmake --install /home/sajat2024/ros2_ws/src/pre_xb9_distofpoints/build/pre_xb9_distofpoints
[8.651s] Level 1:colcon.colcon_core.environment:checking '/home/sajat2024/ros2_ws/src/pre_xb9_distofpoints/install/pre_xb9_distofpoints' for CMake module files
[8.652s] Level 1:colcon.colcon_core.environment:checking '/home/sajat2024/ros2_ws/src/pre_xb9_distofpoints/install/pre_xb9_distofpoints' for CMake config files
[8.653s] Level 1:colcon.colcon_core.shell:create_environment_hook('pre_xb9_distofpoints', 'cmake_prefix_path')
[8.653s] INFO:colcon.colcon_core.shell:Creating environment hook '/home/sajat2024/ros2_ws/src/pre_xb9_distofpoints/install/pre_xb9_distofpoints/share/pre_xb9_distofpoints/hook/cmake_prefix_path.ps1'
[8.656s] INFO:colcon.colcon_core.shell:Creating environment descriptor '/home/sajat2024/ros2_ws/src/pre_xb9_distofpoints/install/pre_xb9_distofpoints/share/pre_xb9_distofpoints/hook/cmake_prefix_path.dsv'
[8.657s] INFO:colcon.colcon_core.shell:Creating environment hook '/home/sajat2024/ros2_ws/src/pre_xb9_distofpoints/install/pre_xb9_distofpoints/share/pre_xb9_distofpoints/hook/cmake_prefix_path.sh'
[8.659s] Level 1:colcon.colcon_core.environment:checking '/home/sajat2024/ros2_ws/src/pre_xb9_distofpoints/install/pre_xb9_distofpoints/bin'
[8.659s] Level 1:colcon.colcon_core.environment:checking '/home/sajat2024/ros2_ws/src/pre_xb9_distofpoints/install/pre_xb9_distofpoints/lib/pkgconfig/pre_xb9_distofpoints.pc'
[8.659s] Level 1:colcon.colcon_core.environment:checking '/home/sajat2024/ros2_ws/src/pre_xb9_distofpoints/install/pre_xb9_distofpoints/lib/python3.10/site-packages'
[8.660s] Level 1:colcon.colcon_core.environment:checking '/home/sajat2024/ros2_ws/src/pre_xb9_distofpoints/install/pre_xb9_distofpoints/bin'
[8.660s] INFO:colcon.colcon_core.shell:Creating package script '/home/sajat2024/ros2_ws/src/pre_xb9_distofpoints/install/pre_xb9_distofpoints/share/pre_xb9_distofpoints/package.ps1'
[8.662s] INFO:colcon.colcon_core.shell:Creating package descriptor '/home/sajat2024/ros2_ws/src/pre_xb9_distofpoints/install/pre_xb9_distofpoints/share/pre_xb9_distofpoints/package.dsv'
[8.663s] INFO:colcon.colcon_core.shell:Creating package script '/home/sajat2024/ros2_ws/src/pre_xb9_distofpoints/install/pre_xb9_distofpoints/share/pre_xb9_distofpoints/package.sh'
[8.665s] INFO:colcon.colcon_core.shell:Creating package script '/home/sajat2024/ros2_ws/src/pre_xb9_distofpoints/install/pre_xb9_distofpoints/share/pre_xb9_distofpoints/package.bash'
[8.666s] INFO:colcon.colcon_core.shell:Creating package script '/home/sajat2024/ros2_ws/src/pre_xb9_distofpoints/install/pre_xb9_distofpoints/share/pre_xb9_distofpoints/package.zsh'
[8.668s] Level 1:colcon.colcon_core.environment:create_file_with_runtime_dependencies(/home/sajat2024/ros2_ws/src/pre_xb9_distofpoints/install/pre_xb9_distofpoints/share/colcon-core/packages/pre_xb9_distofpoints)
[8.701s] Level 1:colcon.colcon_core.environment:create_environment_scripts_only(pre_xb9_distofpoints)
[8.702s] Level 1:colcon.colcon_core.environment:checking '/home/sajat2024/ros2_ws/src/pre_xb9_distofpoints/install/pre_xb9_distofpoints' for CMake module files
[8.703s] Level 1:colcon.colcon_core.environment:checking '/home/sajat2024/ros2_ws/src/pre_xb9_distofpoints/install/pre_xb9_distofpoints' for CMake config files
[8.703s] Level 1:colcon.colcon_core.shell:create_environment_hook('pre_xb9_distofpoints', 'cmake_prefix_path')
[8.704s] INFO:colcon.colcon_core.shell:Creating environment hook '/home/sajat2024/ros2_ws/src/pre_xb9_distofpoints/install/pre_xb9_distofpoints/share/pre_xb9_distofpoints/hook/cmake_prefix_path.ps1'
[8.705s] INFO:colcon.colcon_core.shell:Creating environment descriptor '/home/sajat2024/ros2_ws/src/pre_xb9_distofpoints/install/pre_xb9_distofpoints/share/pre_xb9_distofpoints/hook/cmake_prefix_path.dsv'
[8.706s] INFO:colcon.colcon_core.shell:Creating environment hook '/home/sajat2024/ros2_ws/src/pre_xb9_distofpoints/install/pre_xb9_distofpoints/share/pre_xb9_distofpoints/hook/cmake_prefix_path.sh'
[8.707s] Level 1:colcon.colcon_core.environment:checking '/home/sajat2024/ros2_ws/src/pre_xb9_distofpoints/install/pre_xb9_distofpoints/bin'
[8.707s] Level 1:colcon.colcon_core.environment:checking '/home/sajat2024/ros2_ws/src/pre_xb9_distofpoints/install/pre_xb9_distofpoints/lib/pkgconfig/pre_xb9_distofpoints.pc'
[8.707s] Level 1:colcon.colcon_core.environment:checking '/home/sajat2024/ros2_ws/src/pre_xb9_distofpoints/install/pre_xb9_distofpoints/lib/python3.10/site-packages'
[8.708s] Level 1:colcon.colcon_core.environment:checking '/home/sajat2024/ros2_ws/src/pre_xb9_distofpoints/install/pre_xb9_distofpoints/bin'
[8.708s] INFO:colcon.colcon_core.shell:Creating package script '/home/sajat2024/ros2_ws/src/pre_xb9_distofpoints/install/pre_xb9_distofpoints/share/pre_xb9_distofpoints/package.ps1'
[8.709s] INFO:colcon.colcon_core.shell:Creating package descriptor '/home/sajat2024/ros2_ws/src/pre_xb9_distofpoints/install/pre_xb9_distofpoints/share/pre_xb9_distofpoints/package.dsv'
[8.710s] INFO:colcon.colcon_core.shell:Creating package script '/home/sajat2024/ros2_ws/src/pre_xb9_distofpoints/install/pre_xb9_distofpoints/share/pre_xb9_distofpoints/package.sh'
[8.711s] INFO:colcon.colcon_core.shell:Creating package script '/home/sajat2024/ros2_ws/src/pre_xb9_distofpoints/install/pre_xb9_distofpoints/share/pre_xb9_distofpoints/package.bash'
[8.711s] INFO:colcon.colcon_core.shell:Creating package script '/home/sajat2024/ros2_ws/src/pre_xb9_distofpoints/install/pre_xb9_distofpoints/share/pre_xb9_distofpoints/package.zsh'
[8.712s] Level 1:colcon.colcon_core.environment:create_file_with_runtime_dependencies(/home/sajat2024/ros2_ws/src/pre_xb9_distofpoints/install/pre_xb9_distofpoints/share/colcon-core/packages/pre_xb9_distofpoints)
[8.713s] DEBUG:colcon.colcon_parallel_executor.executor.parallel:closing loop
[8.714s] DEBUG:colcon.colcon_parallel_executor.executor.parallel:loop closed
[8.714s] DEBUG:colcon.colcon_parallel_executor.executor.parallel:run_until_complete finished with '0'
[8.714s] DEBUG:colcon.colcon_core.event_reactor:joining thread
[8.743s] INFO:colcon.colcon_core.plugin_system:Skipping extension 'colcon_notification.desktop_notification.notify_send': Could not find 'notify-send'
[8.743s] INFO:colcon.colcon_core.plugin_system:Skipping extension 'colcon_notification.desktop_notification.terminal_notifier': Not used on non-Darwin systems
[8.743s] INFO:colcon.colcon_core.plugin_system:Skipping extension 'colcon_notification.desktop_notification.win32': Not used on non-Windows systems
[8.744s] INFO:colcon.colcon_notification.desktop_notification:Sending desktop notification using 'notify2'
[8.744s] DEBUG:colcon.colcon_notification.desktop_notification.notify2:Failed to initialize notify2: org.freedesktop.DBus.Error.FileNotFound: Failed to connect to socket /run/user/1000/bus: No such file or directory
[8.744s] DEBUG:colcon.colcon_core.event_reactor:joined thread
[8.744s] INFO:colcon.colcon_core.shell:Creating prefix script '/home/sajat2024/ros2_ws/src/pre_xb9_distofpoints/install/local_setup.ps1'
[8.746s] INFO:colcon.colcon_core.shell:Creating prefix util module '/home/sajat2024/ros2_ws/src/pre_xb9_distofpoints/install/_local_setup_util_ps1.py'
[8.748s] INFO:colcon.colcon_core.shell:Creating prefix chain script '/home/sajat2024/ros2_ws/src/pre_xb9_distofpoints/install/setup.ps1'
[8.750s] INFO:colcon.colcon_core.shell:Creating prefix script '/home/sajat2024/ros2_ws/src/pre_xb9_distofpoints/install/local_setup.sh'
[8.752s] INFO:colcon.colcon_core.shell:Creating prefix util module '/home/sajat2024/ros2_ws/src/pre_xb9_distofpoints/install/_local_setup_util_sh.py'
[8.752s] INFO:colcon.colcon_core.shell:Creating prefix chain script '/home/sajat2024/ros2_ws/src/pre_xb9_distofpoints/install/setup.sh'
[8.754s] INFO:colcon.colcon_core.shell:Creating prefix script '/home/sajat2024/ros2_ws/src/pre_xb9_distofpoints/install/local_setup.bash'
[8.756s] INFO:colcon.colcon_core.shell:Creating prefix chain script '/home/sajat2024/ros2_ws/src/pre_xb9_distofpoints/install/setup.bash'
[8.758s] INFO:colcon.colcon_core.shell:Creating prefix script '/home/sajat2024/ros2_ws/src/pre_xb9_distofpoints/install/local_setup.zsh'
[8.759s] INFO:colcon.colcon_core.shell:Creating prefix chain script '/home/sajat2024/ros2_ws/src/pre_xb9_distofpoints/install/setup.zsh'
