[0.033s] Invoking command in '/home/sajat2024/ros2_ws/src/pre_xb9_distofpoints/build/pre_xb9_distofpoints': CMAKE_PREFIX_PATH=/opt/ros/humble /usr/bin/cmake --build /home/sajat2024/ros2_ws/src/pre_xb9_distofpoints/build/pre_xb9_distofpoints -- -j16 -l16
[0.125s] [35m[1mConsolidate compiler generated dependencies of target coordsubscriber[0m
[0.127s] [35m[1mConsolidate compiler generated dependencies of target coordpublisher[0m
[0.168s] [100%] Built target coordpublisher
[0.168s] [100%] Built target coordsubscriber
[0.195s] Invoked command in '/home/sajat2024/ros2_ws/src/pre_xb9_distofpoints/build/pre_xb9_distofpoints' returned '0': CMAKE_PREFIX_PATH=/opt/ros/humble /usr/bin/cmake --build /home/sajat2024/ros2_ws/src/pre_xb9_distofpoints/build/pre_xb9_distofpoints -- -j16 -l16
[0.263s] Invoking command in '/home/sajat2024/ros2_ws/src/pre_xb9_distofpoints/build/pre_xb9_distofpoints': CMAKE_PREFIX_PATH=/opt/ros/humble /usr/bin/cmake --install /home/sajat2024/ros2_ws/src/pre_xb9_distofpoints/build/pre_xb9_distofpoints
[0.302s] -- Install configuration: ""
[0.302s] -- Up-to-date: /home/sajat2024/ros2_ws/src/pre_xb9_distofpoints/install/pre_xb9_distofpoints/share/pre_xb9_distofpoints/launch
[0.303s] -- Installing: /home/sajat2024/ros2_ws/src/pre_xb9_distofpoints/install/pre_xb9_distofpoints/share/pre_xb9_distofpoints/launch/coordlaunch.py
[0.303s] -- Up-to-date: /home/sajat2024/ros2_ws/src/pre_xb9_distofpoints/install/pre_xb9_distofpoints/share/pre_xb9_distofpoints/launch/launch_example2.launch.py
[0.304s] -- Up-to-date: /home/sajat2024/ros2_ws/src/pre_xb9_distofpoints/install/pre_xb9_distofpoints/lib/pre_xb9_distofpoints/coordpublisher
[0.306s] -- Up-to-date: /home/sajat2024/ros2_ws/src/pre_xb9_distofpoints/install/pre_xb9_distofpoints/lib/pre_xb9_distofpoints/coordsubscriber
[0.307s] -- Up-to-date: /home/sajat2024/ros2_ws/src/pre_xb9_distofpoints/install/pre_xb9_distofpoints/share/ament_index/resource_index/package_run_dependencies/pre_xb9_distofpoints
[0.307s] -- Up-to-date: /home/sajat2024/ros2_ws/src/pre_xb9_distofpoints/install/pre_xb9_distofpoints/share/ament_index/resource_index/parent_prefix_path/pre_xb9_distofpoints
[0.307s] -- Up-to-date: /home/sajat2024/ros2_ws/src/pre_xb9_distofpoints/install/pre_xb9_distofpoints/share/pre_xb9_distofpoints/environment/ament_prefix_path.sh
[0.308s] -- Up-to-date: /home/sajat2024/ros2_ws/src/pre_xb9_distofpoints/install/pre_xb9_distofpoints/share/pre_xb9_distofpoints/environment/ament_prefix_path.dsv
[0.308s] -- Up-to-date: /home/sajat2024/ros2_ws/src/pre_xb9_distofpoints/install/pre_xb9_distofpoints/share/pre_xb9_distofpoints/environment/path.sh
[0.308s] -- Up-to-date: /home/sajat2024/ros2_ws/src/pre_xb9_distofpoints/install/pre_xb9_distofpoints/share/pre_xb9_distofpoints/environment/path.dsv
[0.308s] -- Up-to-date: /home/sajat2024/ros2_ws/src/pre_xb9_distofpoints/install/pre_xb9_distofpoints/share/pre_xb9_distofpoints/local_setup.bash
[0.308s] -- Up-to-date: /home/sajat2024/ros2_ws/src/pre_xb9_distofpoints/install/pre_xb9_distofpoints/share/pre_xb9_distofpoints/local_setup.sh
[0.309s] -- Up-to-date: /home/sajat2024/ros2_ws/src/pre_xb9_distofpoints/install/pre_xb9_distofpoints/share/pre_xb9_distofpoints/local_setup.zsh
[0.309s] -- Up-to-date: /home/sajat2024/ros2_ws/src/pre_xb9_distofpoints/install/pre_xb9_distofpoints/share/pre_xb9_distofpoints/local_setup.dsv
[0.309s] -- Installing: /home/sajat2024/ros2_ws/src/pre_xb9_distofpoints/install/pre_xb9_distofpoints/share/pre_xb9_distofpoints/package.dsv
[0.309s] -- Up-to-date: /home/sajat2024/ros2_ws/src/pre_xb9_distofpoints/install/pre_xb9_distofpoints/share/ament_index/resource_index/packages/pre_xb9_distofpoints
[0.309s] -- Up-to-date: /home/sajat2024/ros2_ws/src/pre_xb9_distofpoints/install/pre_xb9_distofpoints/share/pre_xb9_distofpoints/cmake/pre_xb9_distofpointsConfig.cmake
[0.309s] -- Up-to-date: /home/sajat2024/ros2_ws/src/pre_xb9_distofpoints/install/pre_xb9_distofpoints/share/pre_xb9_distofpoints/cmake/pre_xb9_distofpointsConfig-version.cmake
[0.309s] -- Up-to-date: /home/sajat2024/ros2_ws/src/pre_xb9_distofpoints/install/pre_xb9_distofpoints/share/pre_xb9_distofpoints/package.xml
[0.314s] Invoked command in '/home/sajat2024/ros2_ws/src/pre_xb9_distofpoints/build/pre_xb9_distofpoints' returned '0': CMAKE_PREFIX_PATH=/opt/ros/humble /usr/bin/cmake --install /home/sajat2024/ros2_ws/src/pre_xb9_distofpoints/build/pre_xb9_distofpoints
