[0.240s] DEBUG:colcon:Command line arguments: ['/usr/bin/colcon', 'build']
[0.240s] DEBUG:colcon:Parsed command line arguments: Namespace(log_base=None, log_level=None, verb_name='build', build_base='build', install_base='install', merge_install=False, symlink_install=False, test_result_base=None, continue_on_error=False, executor='parallel', parallel_workers=16, event_handlers=None, ignore_user_meta=False, metas=['./colcon.meta'], base_paths=['.'], packages_ignore=None, packages_ignore_regex=None, paths=None, packages_up_to=None, packages_up_to_regex=None, packages_above=None, packages_above_and_dependencies=None, packages_above_depth=None, packages_select_by_dep=None, packages_skip_by_dep=None, packages_skip_up_to=None, packages_select_build_failed=False, packages_skip_build_finished=False, packages_select_test_failures=False, packages_skip_test_passed=False, packages_select=None, packages_skip=None, packages_select_regex=None, packages_skip_regex=None, packages_start=None, packages_end=None, allow_overriding=[], cmake_args=None, cmake_target=None, cmake_target_skip_unavailable=False, cmake_clean_cache=False, cmake_clean_first=False, cmake_force_configure=False, ament_cmake_args=None, catkin_cmake_args=None, catkin_skip_building_tests=False, mixin_files=None, mixin=None, verb_parser=<colcon_mixin.mixin.mixin_argument.MixinArgumentDecorator object at 0x7fcb97ebd360>, verb_extension=<colcon_core.verb.build.BuildVerb object at 0x7fcb97fb9a80>, main=<bound method BuildVerb.main of <colcon_core.verb.build.BuildVerb object at 0x7fcb97fb9a80>>, mixin_verb=('build',))
[0.504s] Level 1:colcon.colcon_core.package_discovery:discover_packages(colcon_meta) check parameters
[0.504s] Level 1:colcon.colcon_core.package_discovery:discover_packages(recursive) check parameters
[0.504s] Level 1:colcon.colcon_core.package_discovery:discover_packages(ignore) check parameters
[0.504s] Level 1:colcon.colcon_core.package_discovery:discover_packages(path) check parameters
[0.504s] Level 1:colcon.colcon_core.package_discovery:discover_packages(colcon_meta) discover
[0.505s] Level 1:colcon.colcon_core.package_discovery:discover_packages(recursive) discover
[0.505s] INFO:colcon.colcon_core.package_discovery:Crawling recursively for packages in '/home/sajat2024/ros2_ws/src/pre_xb9_distofpoints'
[0.505s] Level 1:colcon.colcon_core.package_identification:_identify(.) by extensions ['ignore', 'ignore_ament_install']
[0.505s] Level 1:colcon.colcon_core.package_identification:_identify(.) by extension 'ignore'
[0.505s] Level 1:colcon.colcon_core.package_identification:_identify(.) by extension 'ignore_ament_install'
[0.505s] Level 1:colcon.colcon_core.package_identification:_identify(.) by extensions ['colcon_pkg']
[0.505s] Level 1:colcon.colcon_core.package_identification:_identify(.) by extension 'colcon_pkg'
[0.506s] Level 1:colcon.colcon_core.package_identification:_identify(.) by extensions ['colcon_meta']
[0.506s] Level 1:colcon.colcon_core.package_identification:_identify(.) by extension 'colcon_meta'
[0.506s] Level 1:colcon.colcon_core.package_identification:_identify(.) by extensions ['ros']
[0.506s] Level 1:colcon.colcon_core.package_identification:_identify(.) by extension 'ros'
[0.527s] DEBUG:colcon.colcon_core.package_identification:Package '.' with type 'ros.ament_cmake' and name 'pre_xb9_distofpoints'
[0.528s] Level 1:colcon.colcon_core.package_discovery:discover_packages(recursive) using defaults
[0.528s] Level 1:colcon.colcon_core.package_discovery:discover_packages(ignore) discover
[0.528s] Level 1:colcon.colcon_core.package_discovery:discover_packages(ignore) using defaults
[0.528s] Level 1:colcon.colcon_core.package_discovery:discover_packages(path) discover
[0.528s] Level 1:colcon.colcon_core.package_discovery:discover_packages(path) using defaults
[0.569s] Level 1:colcon.colcon_core.package_discovery:discover_packages(prefix_path) check parameters
[0.570s] Level 1:colcon.colcon_core.package_discovery:discover_packages(prefix_path) discover
[0.576s] DEBUG:colcon.colcon_installed_package_information.package_discovery:Found 290 installed packages in /opt/ros/humble
[0.579s] Level 1:colcon.colcon_core.package_discovery:discover_packages(prefix_path) using defaults
[0.662s] Level 5:colcon.colcon_core.verb:set package 'pre_xb9_distofpoints' build argument 'cmake_args' from command line to 'None'
[0.662s] Level 5:colcon.colcon_core.verb:set package 'pre_xb9_distofpoints' build argument 'cmake_target' from command line to 'None'
[0.662s] Level 5:colcon.colcon_core.verb:set package 'pre_xb9_distofpoints' build argument 'cmake_target_skip_unavailable' from command line to 'False'
[0.662s] Level 5:colcon.colcon_core.verb:set package 'pre_xb9_distofpoints' build argument 'cmake_clean_cache' from command line to 'False'
[0.663s] Level 5:colcon.colcon_core.verb:set package 'pre_xb9_distofpoints' build argument 'cmake_clean_first' from command line to 'False'
[0.663s] Level 5:colcon.colcon_core.verb:set package 'pre_xb9_distofpoints' build argument 'cmake_force_configure' from command line to 'False'
[0.663s] Level 5:colcon.colcon_core.verb:set package 'pre_xb9_distofpoints' build argument 'ament_cmake_args' from command line to 'None'
[0.663s] Level 5:colcon.colcon_core.verb:set package 'pre_xb9_distofpoints' build argument 'catkin_cmake_args' from command line to 'None'
[0.663s] Level 5:colcon.colcon_core.verb:set package 'pre_xb9_distofpoints' build argument 'catkin_skip_building_tests' from command line to 'False'
[0.663s] DEBUG:colcon.colcon_core.verb:Building package 'pre_xb9_distofpoints' with the following arguments: {'ament_cmake_args': None, 'build_base': '/home/sajat2024/ros2_ws/src/pre_xb9_distofpoints/build/pre_xb9_distofpoints', 'catkin_cmake_args': None, 'catkin_skip_building_tests': False, 'cmake_args': None, 'cmake_clean_cache': False, 'cmake_clean_first': False, 'cmake_force_configure': False, 'cmake_target': None, 'cmake_target_skip_unavailable': False, 'install_base': '/home/sajat2024/ros2_ws/src/pre_xb9_distofpoints/install/pre_xb9_distofpoints', 'merge_install': False, 'path': '/home/sajat2024/ros2_ws/src/pre_xb9_distofpoints', 'symlink_install': False, 'test_result_base': None}
[0.663s] INFO:colcon.colcon_core.executor:Executing jobs using 'parallel' executor
[0.665s] DEBUG:colcon.colcon_parallel_executor.executor.parallel:run_until_complete
[0.665s] INFO:colcon.colcon_ros.task.ament_cmake.build:Building ROS package in '/home/sajat2024/ros2_ws/src/pre_xb9_distofpoints' with build type 'ament_cmake'
[0.666s] INFO:colcon.colcon_cmake.task.cmake.build:Building CMake package in '/home/sajat2024/ros2_ws/src/pre_xb9_distofpoints'
[0.669s] INFO:colcon.colcon_core.plugin_system:Skipping extension 'colcon_core.shell.bat': Not used on non-Windows systems
[0.670s] INFO:colcon.colcon_core.shell:Skip shell extension 'powershell' for command environment: Not usable outside of PowerShell
[0.670s] DEBUG:colcon.colcon_core.shell:Skip shell extension 'dsv' for command environment
[0.689s] DEBUG:colcon.colcon_core.event_handler.log_command:Invoking command in '/home/sajat2024/ros2_ws/src/pre_xb9_distofpoints/build/pre_xb9_distofpoints': CMAKE_PREFIX_PATH=/opt/ros/humble /usr/bin/cmake --build /home/sajat2024/ros2_ws/src/pre_xb9_distofpoints/build/pre_xb9_distofpoints -- -j16 -l16
[4.672s] DEBUG:colcon.colcon_core.event_handler.log_command:Invoked command in '/home/sajat2024/ros2_ws/src/pre_xb9_distofpoints/build/pre_xb9_distofpoints' returned '2': CMAKE_PREFIX_PATH=/opt/ros/humble /usr/bin/cmake --build /home/sajat2024/ros2_ws/src/pre_xb9_distofpoints/build/pre_xb9_distofpoints -- -j16 -l16
[4.713s] Level 1:colcon.colcon_core.environment:create_environment_scripts_only(pre_xb9_distofpoints)
[4.717s] Level 1:colcon.colcon_core.environment:checking '/home/sajat2024/ros2_ws/src/pre_xb9_distofpoints/install/pre_xb9_distofpoints' for CMake module files
[4.718s] Level 1:colcon.colcon_core.environment:checking '/home/sajat2024/ros2_ws/src/pre_xb9_distofpoints/install/pre_xb9_distofpoints' for CMake config files
[4.718s] Level 1:colcon.colcon_core.shell:create_environment_hook('pre_xb9_distofpoints', 'cmake_prefix_path')
[4.719s] INFO:colcon.colcon_core.shell:Creating environment hook '/home/sajat2024/ros2_ws/src/pre_xb9_distofpoints/install/pre_xb9_distofpoints/share/pre_xb9_distofpoints/hook/cmake_prefix_path.ps1'
[4.720s] INFO:colcon.colcon_core.shell:Creating environment descriptor '/home/sajat2024/ros2_ws/src/pre_xb9_distofpoints/install/pre_xb9_distofpoints/share/pre_xb9_distofpoints/hook/cmake_prefix_path.dsv'
[4.721s] INFO:colcon.colcon_core.shell:Creating environment hook '/home/sajat2024/ros2_ws/src/pre_xb9_distofpoints/install/pre_xb9_distofpoints/share/pre_xb9_distofpoints/hook/cmake_prefix_path.sh'
[4.723s] Level 1:colcon.colcon_core.environment:checking '/home/sajat2024/ros2_ws/src/pre_xb9_distofpoints/install/pre_xb9_distofpoints/lib'
[4.723s] Level 1:colcon.colcon_core.environment:checking '/home/sajat2024/ros2_ws/src/pre_xb9_distofpoints/install/pre_xb9_distofpoints/bin'
[4.723s] Level 1:colcon.colcon_core.environment:checking '/home/sajat2024/ros2_ws/src/pre_xb9_distofpoints/install/pre_xb9_distofpoints/lib/pkgconfig/pre_xb9_distofpoints.pc'
[4.724s] Level 1:colcon.colcon_core.environment:checking '/home/sajat2024/ros2_ws/src/pre_xb9_distofpoints/install/pre_xb9_distofpoints/lib/python3.10/site-packages'
[4.724s] Level 1:colcon.colcon_core.environment:checking '/home/sajat2024/ros2_ws/src/pre_xb9_distofpoints/install/pre_xb9_distofpoints/bin'
[4.725s] INFO:colcon.colcon_core.shell:Creating package script '/home/sajat2024/ros2_ws/src/pre_xb9_distofpoints/install/pre_xb9_distofpoints/share/pre_xb9_distofpoints/package.ps1'
[4.727s] INFO:colcon.colcon_core.shell:Creating package descriptor '/home/sajat2024/ros2_ws/src/pre_xb9_distofpoints/install/pre_xb9_distofpoints/share/pre_xb9_distofpoints/package.dsv'
[4.728s] INFO:colcon.colcon_core.shell:Creating package script '/home/sajat2024/ros2_ws/src/pre_xb9_distofpoints/install/pre_xb9_distofpoints/share/pre_xb9_distofpoints/package.sh'
[4.730s] INFO:colcon.colcon_core.shell:Creating package script '/home/sajat2024/ros2_ws/src/pre_xb9_distofpoints/install/pre_xb9_distofpoints/share/pre_xb9_distofpoints/package.bash'
[4.732s] INFO:colcon.colcon_core.shell:Creating package script '/home/sajat2024/ros2_ws/src/pre_xb9_distofpoints/install/pre_xb9_distofpoints/share/pre_xb9_distofpoints/package.zsh'
[4.733s] Level 1:colcon.colcon_core.environment:create_file_with_runtime_dependencies(/home/sajat2024/ros2_ws/src/pre_xb9_distofpoints/install/pre_xb9_distofpoints/share/colcon-core/packages/pre_xb9_distofpoints)
[4.744s] DEBUG:colcon.colcon_parallel_executor.executor.parallel:closing loop
[4.745s] DEBUG:colcon.colcon_parallel_executor.executor.parallel:loop closed
[4.745s] DEBUG:colcon.colcon_parallel_executor.executor.parallel:run_until_complete finished with '2'
[4.745s] DEBUG:colcon.colcon_core.event_reactor:joining thread
[4.772s] INFO:colcon.colcon_core.plugin_system:Skipping extension 'colcon_notification.desktop_notification.notify_send': Could not find 'notify-send'
[4.773s] INFO:colcon.colcon_core.plugin_system:Skipping extension 'colcon_notification.desktop_notification.terminal_notifier': Not used on non-Darwin systems
[4.773s] INFO:colcon.colcon_core.plugin_system:Skipping extension 'colcon_notification.desktop_notification.win32': Not used on non-Windows systems
[4.773s] INFO:colcon.colcon_notification.desktop_notification:Sending desktop notification using 'notify2'
[4.773s] DEBUG:colcon.colcon_notification.desktop_notification.notify2:Failed to initialize notify2: org.freedesktop.DBus.Error.FileNotFound: Failed to connect to socket /run/user/1000/bus: No such file or directory
[4.774s] DEBUG:colcon.colcon_core.event_reactor:joined thread
[4.774s] INFO:colcon.colcon_core.shell:Creating prefix script '/home/sajat2024/ros2_ws/src/pre_xb9_distofpoints/install/local_setup.ps1'
[4.776s] INFO:colcon.colcon_core.shell:Creating prefix util module '/home/sajat2024/ros2_ws/src/pre_xb9_distofpoints/install/_local_setup_util_ps1.py'
[4.778s] INFO:colcon.colcon_core.shell:Creating prefix chain script '/home/sajat2024/ros2_ws/src/pre_xb9_distofpoints/install/setup.ps1'
[4.779s] INFO:colcon.colcon_core.shell:Creating prefix script '/home/sajat2024/ros2_ws/src/pre_xb9_distofpoints/install/local_setup.sh'
[4.780s] INFO:colcon.colcon_core.shell:Creating prefix util module '/home/sajat2024/ros2_ws/src/pre_xb9_distofpoints/install/_local_setup_util_sh.py'
[4.781s] INFO:colcon.colcon_core.shell:Creating prefix chain script '/home/sajat2024/ros2_ws/src/pre_xb9_distofpoints/install/setup.sh'
[4.783s] INFO:colcon.colcon_core.shell:Creating prefix script '/home/sajat2024/ros2_ws/src/pre_xb9_distofpoints/install/local_setup.bash'
[4.783s] INFO:colcon.colcon_core.shell:Creating prefix chain script '/home/sajat2024/ros2_ws/src/pre_xb9_distofpoints/install/setup.bash'
[4.785s] INFO:colcon.colcon_core.shell:Creating prefix script '/home/sajat2024/ros2_ws/src/pre_xb9_distofpoints/install/local_setup.zsh'
[4.786s] INFO:colcon.colcon_core.shell:Creating prefix chain script '/home/sajat2024/ros2_ws/src/pre_xb9_distofpoints/install/setup.zsh'
