[0.438s] DEBUG:colcon:Command line arguments: ['/usr/bin/colcon', 'build']
[0.438s] DEBUG:colcon:Parsed command line arguments: Namespace(log_base=None, log_level=None, verb_name='build', build_base='build', install_base='install', merge_install=False, symlink_install=False, test_result_base=None, continue_on_error=False, executor='parallel', parallel_workers=16, event_handlers=None, ignore_user_meta=False, metas=['./colcon.meta'], base_paths=['.'], packages_ignore=None, packages_ignore_regex=None, paths=None, packages_up_to=None, packages_up_to_regex=None, packages_above=None, packages_above_and_dependencies=None, packages_above_depth=None, packages_select_by_dep=None, packages_skip_by_dep=None, packages_skip_up_to=None, packages_select_build_failed=False, packages_skip_build_finished=False, packages_select_test_failures=False, packages_skip_test_passed=False, packages_select=None, packages_skip=None, packages_select_regex=None, packages_skip_regex=None, packages_start=None, packages_end=None, allow_overriding=[], cmake_args=None, cmake_target=None, cmake_target_skip_unavailable=False, cmake_clean_cache=False, cmake_clean_first=False, cmake_force_configure=False, ament_cmake_args=None, catkin_cmake_args=None, catkin_skip_building_tests=False, mixin_files=None, mixin=None, verb_parser=<colcon_mixin.mixin.mixin_argument.MixinArgumentDecorator object at 0x7f8c10b3d2d0>, verb_extension=<colcon_core.verb.build.BuildVerb object at 0x7f8c10c399f0>, main=<bound method BuildVerb.main of <colcon_core.verb.build.BuildVerb object at 0x7f8c10c399f0>>, mixin_verb=('build',))
[0.905s] Level 1:colcon.colcon_core.package_discovery:discover_packages(colcon_meta) check parameters
[0.906s] Level 1:colcon.colcon_core.package_discovery:discover_packages(recursive) check parameters
[0.906s] Level 1:colcon.colcon_core.package_discovery:discover_packages(ignore) check parameters
[0.906s] Level 1:colcon.colcon_core.package_discovery:discover_packages(path) check parameters
[0.906s] Level 1:colcon.colcon_core.package_discovery:discover_packages(colcon_meta) discover
[0.906s] Level 1:colcon.colcon_core.package_discovery:discover_packages(recursive) discover
[0.907s] INFO:colcon.colcon_core.package_discovery:Crawling recursively for packages in '/home/sajat2024/ros2_ws/src/pre_xb9_distofpoints'
[0.907s] Level 1:colcon.colcon_core.package_identification:_identify(.) by extensions ['ignore', 'ignore_ament_install']
[0.907s] Level 1:colcon.colcon_core.package_identification:_identify(.) by extension 'ignore'
[0.907s] Level 1:colcon.colcon_core.package_identification:_identify(.) by extension 'ignore_ament_install'
[0.908s] Level 1:colcon.colcon_core.package_identification:_identify(.) by extensions ['colcon_pkg']
[0.908s] Level 1:colcon.colcon_core.package_identification:_identify(.) by extension 'colcon_pkg'
[0.908s] Level 1:colcon.colcon_core.package_identification:_identify(.) by extensions ['colcon_meta']
[0.908s] Level 1:colcon.colcon_core.package_identification:_identify(.) by extension 'colcon_meta'
[0.908s] Level 1:colcon.colcon_core.package_identification:_identify(.) by extensions ['ros']
[0.908s] Level 1:colcon.colcon_core.package_identification:_identify(.) by extension 'ros'
[0.937s] DEBUG:colcon.colcon_core.package_identification:Package '.' with type 'ros.ament_cmake' and name 'pre_xb9_distofpoints'
[0.937s] Level 1:colcon.colcon_core.package_discovery:discover_packages(recursive) using defaults
[0.937s] Level 1:colcon.colcon_core.package_discovery:discover_packages(ignore) discover
[0.937s] Level 1:colcon.colcon_core.package_discovery:discover_packages(ignore) using defaults
[0.937s] Level 1:colcon.colcon_core.package_discovery:discover_packages(path) discover
[0.937s] Level 1:colcon.colcon_core.package_discovery:discover_packages(path) using defaults
[0.983s] Level 1:colcon.colcon_core.package_discovery:discover_packages(prefix_path) check parameters
[0.984s] Level 1:colcon.colcon_core.package_discovery:discover_packages(prefix_path) discover
[0.990s] DEBUG:colcon.colcon_installed_package_information.package_discovery:Found 1 installed packages in /home/sajat2024/ros2_ws/src/pre_xb9_distofpoints/install
[0.991s] DEBUG:colcon.colcon_installed_package_information.package_discovery:Found 0 installed packages in /home/sajat2024/install
[0.994s] DEBUG:colcon.colcon_installed_package_information.package_discovery:Found 290 installed packages in /opt/ros/humble
[0.996s] Level 1:colcon.colcon_core.package_discovery:discover_packages(prefix_path) using defaults
[1.115s] Level 5:colcon.colcon_core.verb:set package 'pre_xb9_distofpoints' build argument 'cmake_args' from command line to 'None'
[1.116s] Level 5:colcon.colcon_core.verb:set package 'pre_xb9_distofpoints' build argument 'cmake_target' from command line to 'None'
[1.116s] Level 5:colcon.colcon_core.verb:set package 'pre_xb9_distofpoints' build argument 'cmake_target_skip_unavailable' from command line to 'False'
[1.116s] Level 5:colcon.colcon_core.verb:set package 'pre_xb9_distofpoints' build argument 'cmake_clean_cache' from command line to 'False'
[1.116s] Level 5:colcon.colcon_core.verb:set package 'pre_xb9_distofpoints' build argument 'cmake_clean_first' from command line to 'False'
[1.116s] Level 5:colcon.colcon_core.verb:set package 'pre_xb9_distofpoints' build argument 'cmake_force_configure' from command line to 'False'
[1.116s] Level 5:colcon.colcon_core.verb:set package 'pre_xb9_distofpoints' build argument 'ament_cmake_args' from command line to 'None'
[1.116s] Level 5:colcon.colcon_core.verb:set package 'pre_xb9_distofpoints' build argument 'catkin_cmake_args' from command line to 'None'
[1.116s] Level 5:colcon.colcon_core.verb:set package 'pre_xb9_distofpoints' build argument 'catkin_skip_building_tests' from command line to 'False'
[1.116s] DEBUG:colcon.colcon_core.verb:Building package 'pre_xb9_distofpoints' with the following arguments: {'ament_cmake_args': None, 'build_base': '/home/sajat2024/ros2_ws/src/pre_xb9_distofpoints/build/pre_xb9_distofpoints', 'catkin_cmake_args': None, 'catkin_skip_building_tests': False, 'cmake_args': None, 'cmake_clean_cache': False, 'cmake_clean_first': False, 'cmake_force_configure': False, 'cmake_target': None, 'cmake_target_skip_unavailable': False, 'install_base': '/home/sajat2024/ros2_ws/src/pre_xb9_distofpoints/install/pre_xb9_distofpoints', 'merge_install': False, 'path': '/home/sajat2024/ros2_ws/src/pre_xb9_distofpoints', 'symlink_install': False, 'test_result_base': None}
[1.117s] INFO:colcon.colcon_core.executor:Executing jobs using 'parallel' executor
[1.120s] DEBUG:colcon.colcon_parallel_executor.executor.parallel:run_until_complete
[1.120s] INFO:colcon.colcon_ros.task.ament_cmake.build:Building ROS package in '/home/sajat2024/ros2_ws/src/pre_xb9_distofpoints' with build type 'ament_cmake'
[1.121s] INFO:colcon.colcon_cmake.task.cmake.build:Building CMake package in '/home/sajat2024/ros2_ws/src/pre_xb9_distofpoints'
[1.134s] INFO:colcon.colcon_core.plugin_system:Skipping extension 'colcon_core.shell.bat': Not used on non-Windows systems
[1.136s] INFO:colcon.colcon_core.shell:Skip shell extension 'powershell' for command environment: Not usable outside of PowerShell
[1.137s] DEBUG:colcon.colcon_core.shell:Skip shell extension 'dsv' for command environment
[1.168s] DEBUG:colcon.colcon_core.event_handler.log_command:Invoking command in '/home/sajat2024/ros2_ws/src/pre_xb9_distofpoints/build/pre_xb9_distofpoints': CMAKE_PREFIX_PATH=${CMAKE_PREFIX_PATH}:/opt/ros/humble /usr/bin/cmake --build /home/sajat2024/ros2_ws/src/pre_xb9_distofpoints/build/pre_xb9_distofpoints -- -j16 -l16
[17.625s] DEBUG:colcon.colcon_core.event_handler.log_command:Invoked command in '/home/sajat2024/ros2_ws/src/pre_xb9_distofpoints/build/pre_xb9_distofpoints' returned '0': CMAKE_PREFIX_PATH=${CMAKE_PREFIX_PATH}:/opt/ros/humble /usr/bin/cmake --build /home/sajat2024/ros2_ws/src/pre_xb9_distofpoints/build/pre_xb9_distofpoints -- -j16 -l16
[17.686s] DEBUG:colcon.colcon_core.event_handler.log_command:Invoking command in '/home/sajat2024/ros2_ws/src/pre_xb9_distofpoints/build/pre_xb9_distofpoints': CMAKE_PREFIX_PATH=${CMAKE_PREFIX_PATH}:/opt/ros/humble /usr/bin/cmake --install /home/sajat2024/ros2_ws/src/pre_xb9_distofpoints/build/pre_xb9_distofpoints
[17.721s] Level 1:colcon.colcon_core.environment:create_environment_scripts_only(pre_xb9_distofpoints)
[17.722s] DEBUG:colcon.colcon_core.event_handler.log_command:Invoked command in '/home/sajat2024/ros2_ws/src/pre_xb9_distofpoints/build/pre_xb9_distofpoints' returned '0': CMAKE_PREFIX_PATH=${CMAKE_PREFIX_PATH}:/opt/ros/humble /usr/bin/cmake --install /home/sajat2024/ros2_ws/src/pre_xb9_distofpoints/build/pre_xb9_distofpoints
[17.731s] Level 1:colcon.colcon_core.environment:checking '/home/sajat2024/ros2_ws/src/pre_xb9_distofpoints/install/pre_xb9_distofpoints' for CMake module files
[17.732s] Level 1:colcon.colcon_core.environment:checking '/home/sajat2024/ros2_ws/src/pre_xb9_distofpoints/install/pre_xb9_distofpoints' for CMake config files
[17.733s] Level 1:colcon.colcon_core.shell:create_environment_hook('pre_xb9_distofpoints', 'cmake_prefix_path')
[17.733s] INFO:colcon.colcon_core.shell:Creating environment hook '/home/sajat2024/ros2_ws/src/pre_xb9_distofpoints/install/pre_xb9_distofpoints/share/pre_xb9_distofpoints/hook/cmake_prefix_path.ps1'
[17.735s] INFO:colcon.colcon_core.shell:Creating environment descriptor '/home/sajat2024/ros2_ws/src/pre_xb9_distofpoints/install/pre_xb9_distofpoints/share/pre_xb9_distofpoints/hook/cmake_prefix_path.dsv'
[17.737s] INFO:colcon.colcon_core.shell:Creating environment hook '/home/sajat2024/ros2_ws/src/pre_xb9_distofpoints/install/pre_xb9_distofpoints/share/pre_xb9_distofpoints/hook/cmake_prefix_path.sh'
[17.739s] Level 1:colcon.colcon_core.environment:checking '/home/sajat2024/ros2_ws/src/pre_xb9_distofpoints/install/pre_xb9_distofpoints/lib'
[17.739s] Level 1:colcon.colcon_core.environment:checking '/home/sajat2024/ros2_ws/src/pre_xb9_distofpoints/install/pre_xb9_distofpoints/bin'
[17.739s] Level 1:colcon.colcon_core.environment:checking '/home/sajat2024/ros2_ws/src/pre_xb9_distofpoints/install/pre_xb9_distofpoints/lib/pkgconfig/pre_xb9_distofpoints.pc'
[17.740s] Level 1:colcon.colcon_core.environment:checking '/home/sajat2024/ros2_ws/src/pre_xb9_distofpoints/install/pre_xb9_distofpoints/lib/python3.10/site-packages'
[17.740s] Level 1:colcon.colcon_core.environment:checking '/home/sajat2024/ros2_ws/src/pre_xb9_distofpoints/install/pre_xb9_distofpoints/bin'
[17.741s] INFO:colcon.colcon_core.shell:Creating package script '/home/sajat2024/ros2_ws/src/pre_xb9_distofpoints/install/pre_xb9_distofpoints/share/pre_xb9_distofpoints/package.ps1'
[17.743s] INFO:colcon.colcon_core.shell:Creating package descriptor '/home/sajat2024/ros2_ws/src/pre_xb9_distofpoints/install/pre_xb9_distofpoints/share/pre_xb9_distofpoints/package.dsv'
[17.744s] INFO:colcon.colcon_core.shell:Creating package script '/home/sajat2024/ros2_ws/src/pre_xb9_distofpoints/install/pre_xb9_distofpoints/share/pre_xb9_distofpoints/package.sh'
[17.746s] INFO:colcon.colcon_core.shell:Creating package script '/home/sajat2024/ros2_ws/src/pre_xb9_distofpoints/install/pre_xb9_distofpoints/share/pre_xb9_distofpoints/package.bash'
[17.749s] INFO:colcon.colcon_core.shell:Creating package script '/home/sajat2024/ros2_ws/src/pre_xb9_distofpoints/install/pre_xb9_distofpoints/share/pre_xb9_distofpoints/package.zsh'
[17.751s] Level 1:colcon.colcon_core.environment:create_file_with_runtime_dependencies(/home/sajat2024/ros2_ws/src/pre_xb9_distofpoints/install/pre_xb9_distofpoints/share/colcon-core/packages/pre_xb9_distofpoints)
[17.803s] Level 1:colcon.colcon_core.environment:create_environment_scripts_only(pre_xb9_distofpoints)
[17.804s] Level 1:colcon.colcon_core.environment:checking '/home/sajat2024/ros2_ws/src/pre_xb9_distofpoints/install/pre_xb9_distofpoints' for CMake module files
[17.806s] Level 1:colcon.colcon_core.environment:checking '/home/sajat2024/ros2_ws/src/pre_xb9_distofpoints/install/pre_xb9_distofpoints' for CMake config files
[17.806s] Level 1:colcon.colcon_core.shell:create_environment_hook('pre_xb9_distofpoints', 'cmake_prefix_path')
[17.807s] INFO:colcon.colcon_core.shell:Creating environment hook '/home/sajat2024/ros2_ws/src/pre_xb9_distofpoints/install/pre_xb9_distofpoints/share/pre_xb9_distofpoints/hook/cmake_prefix_path.ps1'
[17.808s] INFO:colcon.colcon_core.shell:Creating environment descriptor '/home/sajat2024/ros2_ws/src/pre_xb9_distofpoints/install/pre_xb9_distofpoints/share/pre_xb9_distofpoints/hook/cmake_prefix_path.dsv'
[17.809s] INFO:colcon.colcon_core.shell:Creating environment hook '/home/sajat2024/ros2_ws/src/pre_xb9_distofpoints/install/pre_xb9_distofpoints/share/pre_xb9_distofpoints/hook/cmake_prefix_path.sh'
[17.810s] Level 1:colcon.colcon_core.environment:checking '/home/sajat2024/ros2_ws/src/pre_xb9_distofpoints/install/pre_xb9_distofpoints/lib'
[17.810s] Level 1:colcon.colcon_core.environment:checking '/home/sajat2024/ros2_ws/src/pre_xb9_distofpoints/install/pre_xb9_distofpoints/bin'
[17.810s] Level 1:colcon.colcon_core.environment:checking '/home/sajat2024/ros2_ws/src/pre_xb9_distofpoints/install/pre_xb9_distofpoints/lib/pkgconfig/pre_xb9_distofpoints.pc'
[17.811s] Level 1:colcon.colcon_core.environment:checking '/home/sajat2024/ros2_ws/src/pre_xb9_distofpoints/install/pre_xb9_distofpoints/lib/python3.10/site-packages'
[17.812s] Level 1:colcon.colcon_core.environment:checking '/home/sajat2024/ros2_ws/src/pre_xb9_distofpoints/install/pre_xb9_distofpoints/bin'
[17.812s] INFO:colcon.colcon_core.shell:Creating package script '/home/sajat2024/ros2_ws/src/pre_xb9_distofpoints/install/pre_xb9_distofpoints/share/pre_xb9_distofpoints/package.ps1'
[17.813s] INFO:colcon.colcon_core.shell:Creating package descriptor '/home/sajat2024/ros2_ws/src/pre_xb9_distofpoints/install/pre_xb9_distofpoints/share/pre_xb9_distofpoints/package.dsv'
[17.815s] INFO:colcon.colcon_core.shell:Creating package script '/home/sajat2024/ros2_ws/src/pre_xb9_distofpoints/install/pre_xb9_distofpoints/share/pre_xb9_distofpoints/package.sh'
[17.816s] INFO:colcon.colcon_core.shell:Creating package script '/home/sajat2024/ros2_ws/src/pre_xb9_distofpoints/install/pre_xb9_distofpoints/share/pre_xb9_distofpoints/package.bash'
[17.817s] INFO:colcon.colcon_core.shell:Creating package script '/home/sajat2024/ros2_ws/src/pre_xb9_distofpoints/install/pre_xb9_distofpoints/share/pre_xb9_distofpoints/package.zsh'
[17.818s] Level 1:colcon.colcon_core.environment:create_file_with_runtime_dependencies(/home/sajat2024/ros2_ws/src/pre_xb9_distofpoints/install/pre_xb9_distofpoints/share/colcon-core/packages/pre_xb9_distofpoints)
[17.819s] DEBUG:colcon.colcon_parallel_executor.executor.parallel:closing loop
[17.820s] DEBUG:colcon.colcon_parallel_executor.executor.parallel:loop closed
[17.820s] DEBUG:colcon.colcon_parallel_executor.executor.parallel:run_until_complete finished with '0'
[17.821s] DEBUG:colcon.colcon_core.event_reactor:joining thread
[17.858s] INFO:colcon.colcon_core.plugin_system:Skipping extension 'colcon_notification.desktop_notification.notify_send': Could not find 'notify-send'
[17.859s] INFO:colcon.colcon_core.plugin_system:Skipping extension 'colcon_notification.desktop_notification.terminal_notifier': Not used on non-Darwin systems
[17.859s] INFO:colcon.colcon_core.plugin_system:Skipping extension 'colcon_notification.desktop_notification.win32': Not used on non-Windows systems
[17.859s] INFO:colcon.colcon_notification.desktop_notification:Sending desktop notification using 'notify2'
[17.859s] DEBUG:colcon.colcon_notification.desktop_notification.notify2:Failed to initialize notify2: org.freedesktop.DBus.Error.FileNotFound: Failed to connect to socket /run/user/1000/bus: No such file or directory
[17.859s] DEBUG:colcon.colcon_core.event_reactor:joined thread
[17.860s] INFO:colcon.colcon_core.shell:Creating prefix script '/home/sajat2024/ros2_ws/src/pre_xb9_distofpoints/install/local_setup.ps1'
[17.862s] INFO:colcon.colcon_core.shell:Creating prefix util module '/home/sajat2024/ros2_ws/src/pre_xb9_distofpoints/install/_local_setup_util_ps1.py'
[17.865s] INFO:colcon.colcon_core.shell:Creating prefix chain script '/home/sajat2024/ros2_ws/src/pre_xb9_distofpoints/install/setup.ps1'
[17.868s] INFO:colcon.colcon_core.shell:Creating prefix script '/home/sajat2024/ros2_ws/src/pre_xb9_distofpoints/install/local_setup.sh'
[17.870s] INFO:colcon.colcon_core.shell:Creating prefix util module '/home/sajat2024/ros2_ws/src/pre_xb9_distofpoints/install/_local_setup_util_sh.py'
[17.871s] INFO:colcon.colcon_core.shell:Creating prefix chain script '/home/sajat2024/ros2_ws/src/pre_xb9_distofpoints/install/setup.sh'
[17.874s] INFO:colcon.colcon_core.shell:Creating prefix script '/home/sajat2024/ros2_ws/src/pre_xb9_distofpoints/install/local_setup.bash'
[17.875s] INFO:colcon.colcon_core.shell:Creating prefix chain script '/home/sajat2024/ros2_ws/src/pre_xb9_distofpoints/install/setup.bash'
[17.878s] INFO:colcon.colcon_core.shell:Creating prefix script '/home/sajat2024/ros2_ws/src/pre_xb9_distofpoints/install/local_setup.zsh'
[17.880s] INFO:colcon.colcon_core.shell:Creating prefix chain script '/home/sajat2024/ros2_ws/src/pre_xb9_distofpoints/install/setup.zsh'
